23:01:42 **** Incremental Build of configuration Debug for project algorithm-analysis ****
make all 
make: Nothing to be done for `all'.
23:02:01 **** Incremental Build of configuration Debug for project algorithm-analysis ****
make all 
Building file: ../src/aux.cpp
Invoking: GCC C++ Compiler
g++ -I/usr/include/c++/4.2.1 -O0 -g3 -Wall -c -fmessage-length=0 -MMD -MP -MF"src/aux.d" -MT"src/aux.d" -o "src/aux.o" "../src/aux.cpp"
In file included from ../src/aux.cpp:1:
../src/../include/aux.h:1:16: warning: time: No such file or directory
Finished building: ../src/aux.cpp
 
Building file: ../src/generators.cpp
Invoking: GCC C++ Compiler
g++ -I/usr/include/c++/4.2.1 -O0 -g3 -Wall -c -fmessage-length=0 -MMD -MP -MF"src/generators.d" -MT"src/generators.d" -o "src/generators.o" "../src/generators.cpp"
In file included from ../src/../include/generators.h:12,
                 from ../src/generators.cpp:1:
../src/../include/aux.h:1:16: warning: time: No such file or directory
Finished building: ../src/generators.cpp
 
Building file: ../src/main.cpp
Invoking: GCC C++ Compiler
g++ -I/usr/include/c++/4.2.1 -O0 -g3 -Wall -c -fmessage-length=0 -MMD -MP -MF"src/main.d" -MT"src/main.d" -o "src/main.o" "../src/main.cpp"
In file included from ../src/../include/test.h:7,
                 from ../src/main.cpp:9:
../src/../include/../include/aux.h:1:16: warning: time: No such file or directory
Finished building: ../src/main.cpp
 
Building file: ../src/test.cpp
Invoking: GCC C++ Compiler
g++ -I/usr/include/c++/4.2.1 -O0 -g3 -Wall -c -fmessage-length=0 -MMD -MP -MF"src/test.d" -MT"src/test.d" -o "src/test.o" "../src/test.cpp"
In file included from ../src/../include/test.h:7,
                 from ../src/test.cpp:9:
../src/../include/../include/aux.h:1:16: warning: time: No such file or directory
Finished building: ../src/test.cpp
 
Building target: algorithm-analysis
Invoking: MacOS X C++ Linker
g++  -o "algorithm-analysis"  ./src/aux.o ./src/generators.o ./src/interaction.o ./src/main.o ./src/ordenacion.o ./src/test.o   
Finished building target: algorithm-analysis
 
23:02:14 **** Incremental Build of configuration Debug for project algorithm-analysis ****
make all 
Building file: ../src/aux.cpp
Invoking: GCC C++ Compiler
g++ -I/usr/include/c++/4.2.1 -O0 -g3 -Wall -c -fmessage-length=0 -MMD -MP -MF"src/aux.d" -MT"src/aux.d" -o "src/aux.o" "../src/aux.cpp"
Finished building: ../src/aux.cpp
 
Building file: ../src/generators.cpp
Invoking: GCC C++ Compiler
g++ -I/usr/include/c++/4.2.1 -O0 -g3 -Wall -c -fmessage-length=0 -MMD -MP -MF"src/generators.d" -MT"src/generators.d" -o "src/generators.o" "../src/generators.cpp"
Finished building: ../src/generators.cpp
 
Building file: ../src/main.cpp
Invoking: GCC C++ Compiler
g++ -I/usr/include/c++/4.2.1 -O0 -g3 -Wall -c -fmessage-length=0 -MMD -MP -MF"src/main.d" -MT"src/main.d" -o "src/main.o" "../src/main.cpp"
Finished building: ../src/main.cpp
 
Building file: ../src/test.cpp
Invoking: GCC C++ Compiler
g++ -I/usr/include/c++/4.2.1 -O0 -g3 -Wall -c -fmessage-length=0 -MMD -MP -MF"src/test.d" -MT"src/test.d" -o "src/test.o" "../src/test.cpp"
Finished building: ../src/test.cpp
 
Building target: algorithm-analysis
Invoking: MacOS X C++ Linker
g++  -o "algorithm-analysis"  ./src/aux.o ./src/generators.o ./src/interaction.o ./src/main.o ./src/ordenacion.o ./src/test.o   
Finished building target: algorithm-analysis
 
09:12:19 **** Incremental Build of configuration Debug for project algorithm-analysis ****
make all 
Building file: ../src/aux.cpp
Invoking: GCC C++ Compiler
g++ -I/usr/include/c++/4.2.1 -O0 -g3 -Wall -c -fmessage-length=0 -MMD -MP -MF"src/aux.d" -MT"src/aux.d" -o "src/aux.o" "../src/aux.cpp"
In file included from ../src/aux.cpp:1:
../src/../include/aux.h:1:17: warning: timeh: No such file or directory
Finished building: ../src/aux.cpp
 
Building file: ../src/generators.cpp
Invoking: GCC C++ Compiler
g++ -I/usr/include/c++/4.2.1 -O0 -g3 -Wall -c -fmessage-length=0 -MMD -MP -MF"src/generators.d" -MT"src/generators.d" -o "src/generators.o" "../src/generators.cpp"
In file included from ../src/../include/generators.h:12,
                 from ../src/generators.cpp:1:
../src/../include/aux.h:1:17: warning: timeh: No such file or directory
Finished building: ../src/generators.cpp
 
Building file: ../src/main.cpp
Invoking: GCC C++ Compiler
g++ -I/usr/include/c++/4.2.1 -O0 -g3 -Wall -c -fmessage-length=0 -MMD -MP -MF"src/main.d" -MT"src/main.d" -o "src/main.o" "../src/main.cpp"
In file included from ../src/../include/test.h:7,
                 from ../src/main.cpp:9:
../src/../include/../include/aux.h:1:17: warning: timeh: No such file or directory
Finished building: ../src/main.cpp
 
Building file: ../src/test.cpp
Invoking: GCC C++ Compiler
g++ -I/usr/include/c++/4.2.1 -O0 -g3 -Wall -c -fmessage-length=0 -MMD -MP -MF"src/test.d" -MT"src/test.d" -o "src/test.o" "../src/test.cpp"
In file included from ../src/../include/test.h:7,
                 from ../src/test.cpp:9:
../src/../include/../include/aux.h:1:17: warning: timeh: No such file or directory
Finished building: ../src/test.cpp
 
Building target: algorithm-analysis
Invoking: MacOS X C++ Linker
g++  -o "algorithm-analysis"  ./src/aux.o ./src/generators.o ./src/interaction.o ./src/main.o ./src/ordenacion.o ./src/test.o   
Finished building target: algorithm-analysis
 
09:12:39 **** Incremental Build of configuration Debug for project algorithm-analysis ****
make all 
Building file: ../src/aux.cpp
Invoking: GCC C++ Compiler
g++ -I/usr/include/c++/4.2.1 -O0 -g3 -Wall -c -fmessage-length=0 -MMD -MP -MF"src/aux.d" -MT"src/aux.d" -o "src/aux.o" "../src/aux.cpp"
Finished building: ../src/aux.cpp
 
Building file: ../src/generators.cpp
Invoking: GCC C++ Compiler
g++ -I/usr/include/c++/4.2.1 -O0 -g3 -Wall -c -fmessage-length=0 -MMD -MP -MF"src/generators.d" -MT"src/generators.d" -o "src/generators.o" "../src/generators.cpp"
Finished building: ../src/generators.cpp
 
Building file: ../src/main.cpp
Invoking: GCC C++ Compiler
g++ -I/usr/include/c++/4.2.1 -O0 -g3 -Wall -c -fmessage-length=0 -MMD -MP -MF"src/main.d" -MT"src/main.d" -o "src/main.o" "../src/main.cpp"
Finished building: ../src/main.cpp
 
Building file: ../src/test.cpp
Invoking: GCC C++ Compiler
g++ -I/usr/include/c++/4.2.1 -O0 -g3 -Wall -c -fmessage-length=0 -MMD -MP -MF"src/test.d" -MT"src/test.d" -o "src/test.o" "../src/test.cpp"
Finished building: ../src/test.cpp
 
Building target: algorithm-analysis
Invoking: MacOS X C++ Linker
g++  -o "algorithm-analysis"  ./src/aux.o ./src/generators.o ./src/interaction.o ./src/main.o ./src/ordenacion.o ./src/test.o   
Finished building target: algorithm-analysis
 
09:15:54 **** Incremental Build of configuration Debug for project algorithm-analysis ****
make all 
make: Nothing to be done for `all'.
